14-Jun-2019 20:46:28.448 INFO [main] org.apache.catalina.startup.VersionLoggerListener.log Server version:        Apache Tomcat/8.5.35
14-Jun-2019 20:46:28.452 INFO [main] org.apache.catalina.startup.VersionLoggerListener.log Server built:          Nov 3 2018 17:39:20 UTC
14-Jun-2019 20:46:28.453 INFO [main] org.apache.catalina.startup.VersionLoggerListener.log Server number:         8.5.35.0
14-Jun-2019 20:46:28.453 INFO [main] org.apache.catalina.startup.VersionLoggerListener.log OS Name:               Linux
14-Jun-2019 20:46:28.453 INFO [main] org.apache.catalina.startup.VersionLoggerListener.log OS Version:            4.19.36-1-MANJARO
14-Jun-2019 20:46:28.454 INFO [main] org.apache.catalina.startup.VersionLoggerListener.log Architecture:          amd64
14-Jun-2019 20:46:28.454 INFO [main] org.apache.catalina.startup.VersionLoggerListener.log Java Home:             /usr/lib/jvm/java-11-openjdk
14-Jun-2019 20:46:28.454 INFO [main] org.apache.catalina.startup.VersionLoggerListener.log JVM Version:           11.0.3+4
14-Jun-2019 20:46:28.454 INFO [main] org.apache.catalina.startup.VersionLoggerListener.log JVM Vendor:            Oracle Corporation
14-Jun-2019 20:46:28.454 INFO [main] org.apache.catalina.startup.VersionLoggerListener.log CATALINA_BASE:         /home/nunol/Desktop/Universidade/2ºsemestre/EngSeg/Grupo12/Projeto/dss-demo-bundle-5.4/apache-tomcat-8.5.35
14-Jun-2019 20:46:28.455 INFO [main] org.apache.catalina.startup.VersionLoggerListener.log CATALINA_HOME:         /home/nunol/Desktop/Universidade/2ºsemestre/EngSeg/Grupo12/Projeto/dss-demo-bundle-5.4/apache-tomcat-8.5.35
14-Jun-2019 20:46:28.456 INFO [main] org.apache.catalina.startup.VersionLoggerListener.log Command line argument: --add-opens=java.base/java.lang=ALL-UNNAMED
14-Jun-2019 20:46:28.456 INFO [main] org.apache.catalina.startup.VersionLoggerListener.log Command line argument: --add-opens=java.base/java.io=ALL-UNNAMED
14-Jun-2019 20:46:28.457 INFO [main] org.apache.catalina.startup.VersionLoggerListener.log Command line argument: --add-opens=java.rmi/sun.rmi.transport=ALL-UNNAMED
14-Jun-2019 20:46:28.457 INFO [main] org.apache.catalina.startup.VersionLoggerListener.log Command line argument: -Djava.util.logging.config.file=/home/nunol/Desktop/Universidade/2ºsemestre/EngSeg/Grupo12/Projeto/dss-demo-bundle-5.4/apache-tomcat-8.5.35/conf/logging.properties
14-Jun-2019 20:46:28.457 INFO [main] org.apache.catalina.startup.VersionLoggerListener.log Command line argument: -Djava.util.logging.manager=org.apache.juli.ClassLoaderLogManager
14-Jun-2019 20:46:28.457 INFO [main] org.apache.catalina.startup.VersionLoggerListener.log Command line argument: -Djdk.tls.ephemeralDHKeySize=2048
14-Jun-2019 20:46:28.457 INFO [main] org.apache.catalina.startup.VersionLoggerListener.log Command line argument: -Djava.protocol.handler.pkgs=org.apache.catalina.webresources
14-Jun-2019 20:46:28.457 INFO [main] org.apache.catalina.startup.VersionLoggerListener.log Command line argument: -Dorg.apache.catalina.security.SecurityListener.UMASK=0027
14-Jun-2019 20:46:28.457 INFO [main] org.apache.catalina.startup.VersionLoggerListener.log Command line argument: -Dignore.endorsed.dirs=
14-Jun-2019 20:46:28.458 INFO [main] org.apache.catalina.startup.VersionLoggerListener.log Command line argument: -Dcatalina.base=/home/nunol/Desktop/Universidade/2ºsemestre/EngSeg/Grupo12/Projeto/dss-demo-bundle-5.4/apache-tomcat-8.5.35
14-Jun-2019 20:46:28.458 INFO [main] org.apache.catalina.startup.VersionLoggerListener.log Command line argument: -Dcatalina.home=/home/nunol/Desktop/Universidade/2ºsemestre/EngSeg/Grupo12/Projeto/dss-demo-bundle-5.4/apache-tomcat-8.5.35
14-Jun-2019 20:46:28.458 INFO [main] org.apache.catalina.startup.VersionLoggerListener.log Command line argument: -Djava.io.tmpdir=/home/nunol/Desktop/Universidade/2ºsemestre/EngSeg/Grupo12/Projeto/dss-demo-bundle-5.4/apache-tomcat-8.5.35/temp
14-Jun-2019 20:46:28.458 INFO [main] org.apache.catalina.core.AprLifecycleListener.lifecycleEvent The APR based Apache Tomcat Native library which allows optimal performance in production environments was not found on the java.library.path: [/usr/java/packages/lib:/usr/lib64:/lib64:/lib:/usr/lib]
14-Jun-2019 20:46:28.510 INFO [main] org.apache.coyote.AbstractProtocol.init Initializing ProtocolHandler ["http-nio-8080"]
14-Jun-2019 20:46:28.531 INFO [main] org.apache.tomcat.util.net.NioSelectorPool.getSharedSelector Using a shared selector for servlet write/read
14-Jun-2019 20:46:28.545 INFO [main] org.apache.coyote.AbstractProtocol.init Initializing ProtocolHandler ["ajp-nio-8009"]
14-Jun-2019 20:46:28.546 INFO [main] org.apache.tomcat.util.net.NioSelectorPool.getSharedSelector Using a shared selector for servlet write/read
14-Jun-2019 20:46:28.547 INFO [main] org.apache.catalina.startup.Catalina.load Initialization processed in 855 ms
14-Jun-2019 20:46:28.610 SEVERE [main] org.apache.catalina.users.MemoryUserDatabase.open The specified user database [conf/tomcat-users.xml] could not be found
14-Jun-2019 20:46:28.612 INFO [main] org.apache.catalina.core.StandardService.startInternal Starting service [Catalina]
14-Jun-2019 20:46:28.612 INFO [main] org.apache.catalina.core.StandardEngine.startInternal Starting Servlet Engine: Apache Tomcat/8.5.35
14-Jun-2019 20:46:28.660 INFO [localhost-startStop-1] org.apache.catalina.startup.HostConfig.deployWAR Deploying web application archive [/home/nunol/Desktop/Universidade/2ºsemestre/EngSeg/Grupo12/Projeto/dss-demo-bundle-5.4/apache-tomcat-8.5.35/webapps/ROOT.war]
14-Jun-2019 20:46:34.547 INFO [localhost-startStop-1] org.apache.jasper.servlet.TldScanner.scanJars At least one JAR was scanned for TLDs yet contained no TLDs. Enable debug logging for this logger for a complete list of JARs that were scanned but no TLDs were found in them. Skipping unneeded JARs during scanning can improve startup time and JSP compilation time.
14-Jun-2019 20:46:35.104 SEVERE [localhost-startStop-1] org.apache.catalina.core.StandardContext.startInternal One or more listeners failed to start. Full details will be found in the appropriate container log file
14-Jun-2019 20:46:35.115 SEVERE [localhost-startStop-1] org.apache.catalina.core.StandardContext.startInternal Context [] startup failed due to previous errors
14-Jun-2019 20:46:35.176 INFO [localhost-startStop-1] org.apache.catalina.startup.HostConfig.deployWAR Deployment of web application archive [/home/nunol/Desktop/Universidade/2ºsemestre/EngSeg/Grupo12/Projeto/dss-demo-bundle-5.4/apache-tomcat-8.5.35/webapps/ROOT.war] has finished in [6,515] ms
14-Jun-2019 20:46:35.181 INFO [main] org.apache.coyote.AbstractProtocol.start Starting ProtocolHandler ["http-nio-8080"]
14-Jun-2019 20:46:35.212 INFO [main] org.apache.coyote.AbstractProtocol.start Starting ProtocolHandler ["ajp-nio-8009"]
14-Jun-2019 20:46:35.228 INFO [main] org.apache.catalina.startup.Catalina.start Server startup in 6681 ms
