11-Jun-2019 22:15:39.082 INFO [main] org.apache.catalina.startup.VersionLoggerListener.log Server version:        Apache Tomcat/8.5.35
11-Jun-2019 22:15:39.111 INFO [main] org.apache.catalina.startup.VersionLoggerListener.log Server built:          Nov 3 2018 17:39:20 UTC
11-Jun-2019 22:15:39.114 INFO [main] org.apache.catalina.startup.VersionLoggerListener.log Server number:         8.5.35.0
11-Jun-2019 22:15:39.114 INFO [main] org.apache.catalina.startup.VersionLoggerListener.log OS Name:               Windows 10
11-Jun-2019 22:15:39.115 INFO [main] org.apache.catalina.startup.VersionLoggerListener.log OS Version:            10.0
11-Jun-2019 22:15:39.115 INFO [main] org.apache.catalina.startup.VersionLoggerListener.log Architecture:          amd64
11-Jun-2019 22:15:39.115 INFO [main] org.apache.catalina.startup.VersionLoggerListener.log Java Home:             D:\4_Ano\2_Semestre\ES\G12\Projeto\dss-demo-bundle-5.4\java
11-Jun-2019 22:15:39.116 INFO [main] org.apache.catalina.startup.VersionLoggerListener.log JVM Version:           1.8.0_131-b11
11-Jun-2019 22:15:39.119 INFO [main] org.apache.catalina.startup.VersionLoggerListener.log JVM Vendor:            Oracle Corporation
11-Jun-2019 22:15:39.119 INFO [main] org.apache.catalina.startup.VersionLoggerListener.log CATALINA_BASE:         D:\4_Ano\2_Semestre\ES\G12\Projeto\dss-demo-bundle-5.4\apache-tomcat-8.5.35
11-Jun-2019 22:15:39.119 INFO [main] org.apache.catalina.startup.VersionLoggerListener.log CATALINA_HOME:         D:\4_Ano\2_Semestre\ES\G12\Projeto\dss-demo-bundle-5.4\apache-tomcat-8.5.35
11-Jun-2019 22:15:39.120 INFO [main] org.apache.catalina.startup.VersionLoggerListener.log Command line argument: -Djava.util.logging.config.file=.\apache-tomcat-8.5.35\conf\logging.properties
11-Jun-2019 22:15:39.120 INFO [main] org.apache.catalina.startup.VersionLoggerListener.log Command line argument: -Djava.util.logging.manager=org.apache.juli.ClassLoaderLogManager
11-Jun-2019 22:15:39.120 INFO [main] org.apache.catalina.startup.VersionLoggerListener.log Command line argument: -Djdk.tls.ephemeralDHKeySize=2048
11-Jun-2019 22:15:39.121 INFO [main] org.apache.catalina.startup.VersionLoggerListener.log Command line argument: -Djava.protocol.handler.pkgs=org.apache.catalina.webresources
11-Jun-2019 22:15:39.121 INFO [main] org.apache.catalina.startup.VersionLoggerListener.log Command line argument: -Dignore.endorsed.dirs=
11-Jun-2019 22:15:39.121 INFO [main] org.apache.catalina.startup.VersionLoggerListener.log Command line argument: -Dcatalina.base=.\apache-tomcat-8.5.35
11-Jun-2019 22:15:39.122 INFO [main] org.apache.catalina.startup.VersionLoggerListener.log Command line argument: -Dcatalina.home=.\apache-tomcat-8.5.35
11-Jun-2019 22:15:39.123 INFO [main] org.apache.catalina.startup.VersionLoggerListener.log Command line argument: -Djava.io.tmpdir=.\apache-tomcat-8.5.35\temp
11-Jun-2019 22:15:39.126 INFO [main] org.apache.catalina.core.AprLifecycleListener.lifecycleEvent The APR based Apache Tomcat Native library which allows optimal performance in production environments was not found on the java.library.path: [D:\4_Ano\2_Semestre\ES\G12\Projeto\dss-demo-bundle-5.4\java\bin;C:\WINDOWS\Sun\Java\bin;C:\WINDOWS\system32;C:\WINDOWS;C:\Program Files\NVIDIA GPU Computing Toolkit\CUDA\v10.1\bin;C:\Program Files\NVIDIA GPU Computing Toolkit\CUDA\v10.1\libnvvp;C:\Program Files\Microsoft MPI\Bin\;C:\Perl64\site\bin;C:\Perl64\bin;C:\Program Files (x86)\Intel\Intel(R) Management Engine Components\iCLS\;C:\Program Files\Intel\Intel(R) Management Engine Components\iCLS\;C:\Program Files (x86)\Common Files\Oracle\Java\javapath;C:\WINDOWS\system32;C:\WINDOWS;C:\WINDOWS\System32\Wbem;C:\WINDOWS\System32\WindowsPowerShell\v1.0\;C:\Program Files (x86)\NVIDIA Corporation\PhysX\Common;C:\WINDOWS\System32\OpenSSH\;C:\Program Files\Git\cmd;C:\MinGW\bin;C:\Program Files\Microsoft SQL Server\130\Tools\Binn\;C:\Program Files\NVIDIA Corporation\NVIDIA NvDLISR;C:\Program Files (x86)\Intel\Intel(R) Management Engine Components\DAL;C:\Program Files\Intel\Intel(R) Management Engine Components\DAL;C:\Program Files (x86)\Intel\Intel(R) Management Engine Components\IPT;C:\Program Files\Intel\Intel(R) Management Engine Components\IPT;C:\ProgramData\chocolatey\bin;C:\Program Files\dotnet\;C:\WINDOWS\system32;C:\WINDOWS;C:\WINDOWS\System32\Wbem;C:\WINDOWS\System32\WindowsPowerShell\v1.0\;C:\WINDOWS\System32\OpenSSH\;C:\Vagrant\bin;C:\Program Files\LLVM\bin;C:\Program Files\CMake\bin;C:\Program Files\nodejs\;C:\Program Files\PuTTY\;C:\Go\bin;C:\Program Files\NVIDIA Corporation\Nsight Compute 2019.1\;C:\Program Files (x86)\Windows Kits\10\Windows Performance Toolkit\;C:\Program Files (x86)\GNU Tools Arm Embedded\7 2018-q2-update\bin;C:\Program Files (x86)\GNU Tools ARM Embedded\8 2018-q4-major\bin;C:\Ruby26-x64\bin;C:\Users\joao_\AppData\Local\Programs\Python\Python37\Scripts\;C:\Users\joao_\AppData\Local\Programs\Python\Python37\;C:\Users\joao_\AppData\Local\Microsoft\WindowsApps;C:\Users\joao_\AppData\Local\Programs\Microsoft VS Code\bin;C:\Users\joao_\AppData\Local\GitHubDesktop\bin;C:\Users\joao_\AppData\Local\hyper\app-2.1.0-canary2\resources\bin;C:\MinGW\bin;C:\Users\joao_\AppData\Local\Microsoft\WindowsApps;C:\MinGW\msys\1.0\bin;C:\Program Files\DTrace;C:\Users\joao_\AppData\Roaming\npm;C:\vcpkg;C:\Users\joao_\go\bin;C:\UUU;C:\texlive\2018\bin\win32;.]
11-Jun-2019 22:15:41.132 INFO [main] org.apache.coyote.AbstractProtocol.init Initializing ProtocolHandler ["http-nio-8080"]
11-Jun-2019 22:15:41.481 INFO [main] org.apache.tomcat.util.net.NioSelectorPool.getSharedSelector Using a shared selector for servlet write/read
11-Jun-2019 22:15:41.493 INFO [main] org.apache.coyote.AbstractProtocol.init Initializing ProtocolHandler ["ajp-nio-8009"]
11-Jun-2019 22:15:41.496 INFO [main] org.apache.tomcat.util.net.NioSelectorPool.getSharedSelector Using a shared selector for servlet write/read
11-Jun-2019 22:15:41.496 INFO [main] org.apache.catalina.startup.Catalina.load Initialization processed in 2886 ms
11-Jun-2019 22:15:41.520 SEVERE [main] org.apache.catalina.users.MemoryUserDatabase.open The specified user database [conf/tomcat-users.xml] could not be found
11-Jun-2019 22:15:41.522 INFO [main] org.apache.catalina.core.StandardService.startInternal Starting service [Catalina]
11-Jun-2019 22:15:41.523 INFO [main] org.apache.catalina.core.StandardEngine.startInternal Starting Servlet Engine: Apache Tomcat/8.5.35
11-Jun-2019 22:15:41.567 INFO [localhost-startStop-1] org.apache.catalina.startup.HostConfig.deployWAR Deploying web application archive [D:\4_Ano\2_Semestre\ES\G12\Projeto\dss-demo-bundle-5.4\apache-tomcat-8.5.35\webapps\ROOT.war]
11-Jun-2019 22:16:02.769 INFO [localhost-startStop-1] org.apache.jasper.servlet.TldScanner.scanJars At least one JAR was scanned for TLDs yet contained no TLDs. Enable debug logging for this logger for a complete list of JARs that were scanned but no TLDs were found in them. Skipping unneeded JARs during scanning can improve startup time and JSP compilation time.
11-Jun-2019 22:16:19.990 INFO [localhost-startStop-1] org.apache.catalina.startup.HostConfig.deployWAR Deployment of web application archive [D:\4_Ano\2_Semestre\ES\G12\Projeto\dss-demo-bundle-5.4\apache-tomcat-8.5.35\webapps\ROOT.war] has finished in [38,422] ms
11-Jun-2019 22:16:19.997 INFO [main] org.apache.coyote.AbstractProtocol.start Starting ProtocolHandler ["http-nio-8080"]
11-Jun-2019 22:16:20.014 INFO [main] org.apache.coyote.AbstractProtocol.start Starting ProtocolHandler ["ajp-nio-8009"]
11-Jun-2019 22:16:20.018 INFO [main] org.apache.catalina.startup.Catalina.start Server startup in 38521 ms
